<?xml version="1.0" encoding="UTF-8"?>
<testng-results ignored="0" total="1" passed="1" failed="0" skipped="0">
  <reporter-output>
  </reporter-output>
  <suite started-at="2025-10-03T18:24:02 IST" name="Default suite" finished-at="2025-10-03T18:24:13 IST" duration-ms="10940">
    <groups>
    </groups>
    <test started-at="2025-10-03T18:24:02 IST" name="Default test" finished-at="2025-10-03T18:24:13 IST" duration-ms="10940">
      <class name="com.autoseat.tests.LoginTest">
        <test-method is-config="true" signature="setUp()[pri:0, instance:com.autoseat.tests.LoginTest@5c8504fd]" started-at="2025-10-03T18:24:02 IST" name="setUp" finished-at="2025-10-03T18:24:04 IST" duration-ms="1822" status="PASS">
          <reporter-output>
          </reporter-output>
        </test-method> <!-- setUp -->
        <test-method signature="validLoginTest()[pri:1, instance:com.autoseat.tests.LoginTest@5c8504fd]" started-at="2025-10-03T18:24:04 IST" name="validLoginTest" finished-at="2025-10-03T18:24:11 IST" duration-ms="7940" status="PASS">
          <reporter-output>
          </reporter-output>
        </test-method> <!-- validLoginTest -->
        <test-method is-config="true" signature="tearDown()[pri:0, instance:com.autoseat.tests.LoginTest@5c8504fd]" started-at="2025-10-03T18:24:11 IST" name="tearDown" finished-at="2025-10-03T18:24:13 IST" duration-ms="1129" status="PASS">
          <reporter-output>
          </reporter-output>
        </test-method> <!-- tearDown -->
      </class> <!-- com.autoseat.tests.LoginTest -->
    </test> <!-- Default test -->
  </suite> <!-- Default suite -->
</testng-results>
