<?xml version="1.0" encoding="UTF-8"?>
<testng-results ignored="0" total="1" passed="1" failed="0" skipped="0">
  <reporter-output>
  </reporter-output>
  <suite started-at="2025-10-17T12:26:28 IST" name="Default suite" finished-at="2025-10-17T12:27:19 IST" duration-ms="51647">
    <groups>
    </groups>
    <test started-at="2025-10-17T12:26:28 IST" name="Default test" finished-at="2025-10-17T12:27:19 IST" duration-ms="51647">
      <class name="com.autoseat.tests.LoginTest">
        <test-method is-config="true" signature="setUp(java.lang.String)[pri:0, instance:com.autoseat.tests.LoginTest@7096b474]" started-at="2025-10-17T12:26:28 IST" name="setUp" finished-at="2025-10-17T12:26:30 IST" duration-ms="2100" status="PASS">
          <params>
            <param index="0">
              <value>
                <![CDATA[chrome]]>
              </value>
            </param>
          </params>
          <reporter-output>
          </reporter-output>
        </test-method> <!-- setUp -->
        <test-method signature="test()[pri:2, instance:com.autoseat.tests.LoginTest@7096b474]" started-at="2025-10-17T12:26:30 IST" name="test" finished-at="2025-10-17T12:27:19 IST" duration-ms="49281" status="PASS">
          <reporter-output>
          </reporter-output>
        </test-method> <!-- test -->
        <test-method is-config="true" signature="tearDown()[pri:0, instance:com.autoseat.tests.LoginTest@7096b474]" started-at="2025-10-17T12:27:19 IST" name="tearDown" finished-at="2025-10-17T12:27:19 IST" duration-ms="220" status="PASS">
          <reporter-output>
          </reporter-output>
        </test-method> <!-- tearDown -->
      </class> <!-- com.autoseat.tests.LoginTest -->
    </test> <!-- Default test -->
  </suite> <!-- Default suite -->
</testng-results>
